<?xml version="1.0" encoding="UTF-8"?>
<Site BuildName="(empty)"
	BuildStamp="20240428-1902-Experimental"
	Name="merce-P65"
	Generator="ctest-3.29.2"
	CompilerName="/usr/bin/c++"
	CompilerVersion="11.4.0"
	OSName="Linux"
	Hostname="merce-P65"
	OSRelease="6.5.0-28-generic"
	OSVersion="#29~22.04.1-Ubuntu SMP PREEMPT_DYNAMIC Thu Apr  4 14:39:20 UTC 2"
	OSPlatform="x86_64"
	Is64Bits="1"
	VendorString="GenuineIntel"
	VendorID="Intel Corporation"
	FamilyID="6"
	ModelID="158"
	ProcessorCacheSize="9216"
	NumberOfLogicalCPU="12"
	NumberOfPhysicalCPU="6"
	TotalVirtualMemory="2047"
	TotalPhysicalMemory="15823"
	LogicalProcessorsPerPhysical="2"
	ProcessorClockFrequency="3900.44"
	>
	<Testing>
		<StartDateTime>Apr 28 21:02 CEST</StartDateTime>
		<StartTestTime>1714330938</StartTestTime>
		<TestList/>
		<EndDateTime>Apr 28 21:02 CEST</EndDateTime>
		<EndTestTime>1714330938</EndTestTime>
		<ElapsedMinutes>0</ElapsedMinutes>
	</Testing>
</Site>
